  [1m[35m (151.9ms)[0m  [1m[35mCREATE DATABASE "four-leaf-clovers_development" ENCODING = 'unicode'[0m
  ↳ /home/mike/.rvm/gems/ruby-2.6.1/bin/rake:23
  [1m[35m (62.6ms)[0m  [1m[35mCREATE DATABASE "four-leaf-clovers_test" ENCODING = 'unicode'[0m
  ↳ /home/mike/.rvm/gems/ruby-2.6.1/bin/rake:23
  [1m[35m (14.1ms)[0m  [1m[35mCREATE TABLE "schema_migrations" ("version" character varying NOT NULL PRIMARY KEY)[0m
  ↳ /home/mike/.rvm/gems/ruby-2.6.1/bin/rake:23
  [1m[35m (19.4ms)[0m  [1m[35mCREATE TABLE "ar_internal_metadata" ("key" character varying NOT NULL PRIMARY KEY, "value" character varying, "created_at" timestamp NOT NULL, "updated_at" timestamp NOT NULL)[0m
  ↳ /home/mike/.rvm/gems/ruby-2.6.1/bin/rake:23
  [1m[35m (0.9ms)[0m  [1m[34mSELECT pg_try_advisory_lock(584177703887606325)[0m
  ↳ /home/mike/.rvm/gems/ruby-2.6.1/bin/rake:23
  [1m[35m (2.5ms)[0m  [1m[34mSELECT "schema_migrations"."version" FROM "schema_migrations" ORDER BY "schema_migrations"."version" ASC[0m
  ↳ /home/mike/.rvm/gems/ruby-2.6.1/bin/rake:23
Migrating to CreateUsers (20210214025113)
  [1m[35m (0.6ms)[0m  [1m[35mBEGIN[0m
  ↳ /home/mike/.rvm/gems/ruby-2.6.1/bin/rake:23
  [1m[35m (26.5ms)[0m  [1m[35mCREATE TABLE "users" ("id" bigserial primary key, "user_name" character varying, "first_name" character varying, "last_name" character varying, "affected_person" character varying, "email" character varying, "location" character varying, "password_digest" character varying, "created_at" timestamp NOT NULL, "updated_at" timestamp NOT NULL)[0m
  ↳ db/migrate/20210214025113_create_users.rb:3
  [1m[36mActiveRecord::SchemaMigration Create (0.7ms)[0m  [1m[32mINSERT INTO "schema_migrations" ("version") VALUES ($1) RETURNING "version"[0m  [["version", "20210214025113"]]
  ↳ /home/mike/.rvm/gems/ruby-2.6.1/bin/rake:23
  [1m[35m (1.5ms)[0m  [1m[35mCOMMIT[0m
  ↳ /home/mike/.rvm/gems/ruby-2.6.1/bin/rake:23
Migrating to CreateComments (20210214025123)
  [1m[35m (0.2ms)[0m  [1m[35mBEGIN[0m
  ↳ /home/mike/.rvm/gems/ruby-2.6.1/bin/rake:23
  [1m[35m (7.4ms)[0m  [1m[35mCREATE TABLE "comments" ("id" bigserial primary key, "content" character varying, "created_at" timestamp NOT NULL, "updated_at" timestamp NOT NULL)[0m
  ↳ db/migrate/20210214025123_create_comments.rb:3
  [1m[36mActiveRecord::SchemaMigration Create (0.3ms)[0m  [1m[32mINSERT INTO "schema_migrations" ("version") VALUES ($1) RETURNING "version"[0m  [["version", "20210214025123"]]
  ↳ /home/mike/.rvm/gems/ruby-2.6.1/bin/rake:23
  [1m[35m (0.6ms)[0m  [1m[35mCOMMIT[0m
  ↳ /home/mike/.rvm/gems/ruby-2.6.1/bin/rake:23
Migrating to CreatePosts (20210214025243)
  [1m[35m (0.1ms)[0m  [1m[35mBEGIN[0m
  ↳ /home/mike/.rvm/gems/ruby-2.6.1/bin/rake:23
  [1m[35m (6.2ms)[0m  [1m[35mCREATE TABLE "posts" ("id" bigserial primary key, "title" character varying, "body" character varying, "created_at" timestamp NOT NULL, "updated_at" timestamp NOT NULL)[0m
  ↳ db/migrate/20210214025243_create_posts.rb:3
  [1m[36mActiveRecord::SchemaMigration Create (0.3ms)[0m  [1m[32mINSERT INTO "schema_migrations" ("version") VALUES ($1) RETURNING "version"[0m  [["version", "20210214025243"]]
  ↳ /home/mike/.rvm/gems/ruby-2.6.1/bin/rake:23
  [1m[35m (1.7ms)[0m  [1m[35mCOMMIT[0m
  ↳ /home/mike/.rvm/gems/ruby-2.6.1/bin/rake:23
Migrating to CreateCategories (20210214025251)
  [1m[35m (0.1ms)[0m  [1m[35mBEGIN[0m
  ↳ /home/mike/.rvm/gems/ruby-2.6.1/bin/rake:23
  [1m[35m (7.0ms)[0m  [1m[35mCREATE TABLE "categories" ("id" bigserial primary key, "title" character varying, "created_at" timestamp NOT NULL, "updated_at" timestamp NOT NULL)[0m
  ↳ db/migrate/20210214025251_create_categories.rb:3
  [1m[36mActiveRecord::SchemaMigration Create (0.3ms)[0m  [1m[32mINSERT INTO "schema_migrations" ("version") VALUES ($1) RETURNING "version"[0m  [["version", "20210214025251"]]
  ↳ /home/mike/.rvm/gems/ruby-2.6.1/bin/rake:23
  [1m[35m (0.6ms)[0m  [1m[35mCOMMIT[0m
  ↳ /home/mike/.rvm/gems/ruby-2.6.1/bin/rake:23
  [1m[36mActiveRecord::InternalMetadata Load (0.3ms)[0m  [1m[34mSELECT  "ar_internal_metadata".* FROM "ar_internal_metadata" WHERE "ar_internal_metadata"."key" = $1 LIMIT $2[0m  [["key", "environment"], ["LIMIT", 1]]
  ↳ /home/mike/.rvm/gems/ruby-2.6.1/bin/rake:23
  [1m[35m (0.1ms)[0m  [1m[35mBEGIN[0m
  ↳ /home/mike/.rvm/gems/ruby-2.6.1/bin/rake:23
  [1m[36mActiveRecord::InternalMetadata Create (0.6ms)[0m  [1m[32mINSERT INTO "ar_internal_metadata" ("key", "value", "created_at", "updated_at") VALUES ($1, $2, $3, $4) RETURNING "key"[0m  [["key", "environment"], ["value", "development"], ["created_at", "2021-02-14 04:59:38.900067"], ["updated_at", "2021-02-14 04:59:38.900067"]]
  ↳ /home/mike/.rvm/gems/ruby-2.6.1/bin/rake:23
  [1m[35m (1.6ms)[0m  [1m[35mCOMMIT[0m
  ↳ /home/mike/.rvm/gems/ruby-2.6.1/bin/rake:23
  [1m[35m (0.2ms)[0m  [1m[34mSELECT pg_advisory_unlock(584177703887606325)[0m
  ↳ /home/mike/.rvm/gems/ruby-2.6.1/bin/rake:23
  [1m[35m (0.2ms)[0m  [1m[34mSELECT "schema_migrations"."version" FROM "schema_migrations" ORDER BY "schema_migrations"."version" ASC[0m
  ↳ /home/mike/.rvm/gems/ruby-2.6.1/bin/rake:23
Started GET "/" for 127.0.0.1 at 2021-02-13 22:00:03 -0700
  [1m[35m (0.6ms)[0m  [1m[34mSELECT "schema_migrations"."version" FROM "schema_migrations" ORDER BY "schema_migrations"."version" ASC[0m
  ↳ /home/mike/.rvm/gems/ruby-2.6.1/gems/activerecord-5.2.4.5/lib/active_record/log_subscriber.rb:98
Processing by Rails::WelcomeController#index as HTML
  Rendering /home/mike/.rvm/gems/ruby-2.6.1/gems/railties-5.2.4.5/lib/rails/templates/rails/welcome/index.html.erb
  Rendered /home/mike/.rvm/gems/ruby-2.6.1/gems/railties-5.2.4.5/lib/rails/templates/rails/welcome/index.html.erb (2.4ms)
Completed 200 OK in 12ms (Views: 5.9ms | ActiveRecord: 0.0ms)


  [1m[35m (0.4ms)[0m  [1m[35mCREATE DATABASE "four-leaf-clovers_development" ENCODING = 'unicode'[0m
  ↳ /home/mike/.rvm/gems/ruby-2.6.1/bin/rake:23
  [1m[35m (0.5ms)[0m  [1m[35mCREATE DATABASE "four-leaf-clovers_test" ENCODING = 'unicode'[0m
  ↳ /home/mike/.rvm/gems/ruby-2.6.1/bin/rake:23
  [1m[35m (0.3ms)[0m  [1m[34mSELECT pg_try_advisory_lock(584177703887606325)[0m
  ↳ /home/mike/.rvm/gems/ruby-2.6.1/bin/rake:23
  [1m[35m (0.6ms)[0m  [1m[34mSELECT "schema_migrations"."version" FROM "schema_migrations" ORDER BY "schema_migrations"."version" ASC[0m
  ↳ /home/mike/.rvm/gems/ruby-2.6.1/bin/rake:23
  [1m[36mActiveRecord::InternalMetadata Load (0.3ms)[0m  [1m[34mSELECT  "ar_internal_metadata".* FROM "ar_internal_metadata" WHERE "ar_internal_metadata"."key" = $1 LIMIT $2[0m  [["key", "environment"], ["LIMIT", 1]]
  ↳ /home/mike/.rvm/gems/ruby-2.6.1/bin/rake:23
  [1m[35m (0.9ms)[0m  [1m[35mBEGIN[0m
  ↳ /home/mike/.rvm/gems/ruby-2.6.1/bin/rake:23
  [1m[35m (0.9ms)[0m  [1m[35mCOMMIT[0m
  ↳ /home/mike/.rvm/gems/ruby-2.6.1/bin/rake:23
  [1m[35m (0.8ms)[0m  [1m[34mSELECT pg_advisory_unlock(584177703887606325)[0m
  ↳ /home/mike/.rvm/gems/ruby-2.6.1/bin/rake:23
  [1m[35m (1.0ms)[0m  [1m[34mSELECT "schema_migrations"."version" FROM "schema_migrations" ORDER BY "schema_migrations"."version" ASC[0m
  ↳ /home/mike/.rvm/gems/ruby-2.6.1/bin/rake:23
